# JRE version: OpenJDK Runtime Environment (11.0.10) (build 11.0.10+0-b96-7249189)
# Java VM: OpenJDK 64-Bit Server VM (11.0.10+0-b96-7249189, mixed mode, tiered, compressed oops, g1 gc, windows-amd64)
Heap:
 garbage-first heap   total 129024K, used 55336K [0x0000000080000000, 0x0000000100000000)
  region size 1024K, 15 young (15360K), 3 survivors (3072K)
 Metaspace       used 57998K, capacity 59503K, committed 59648K, reserved 1101824K
  class space    used 7373K, capacity 7923K, committed 7936K, reserved 1048576K
GC Heap History (18 events):
Event: 0.986 GC heap before
{Heap before GC invocations=0 (full 0):
 garbage-first heap   total 129024K, used 29696K [0x0000000080000000, 0x0000000100000000)
  region size 1024K, 24 young (24576K), 0 survivors (0K)
 Metaspace       used 10210K, capacity 10437K, committed 10624K, reserved 1058816K
  class space    used 1064K, capacity 1139K, committed 1152K, reserved 1048576K
}
Event: 0.991 GC heap after
{Heap after GC invocations=1 (full 0):
 garbage-first heap   total 129024K, used 9516K [0x0000000080000000, 0x0000000100000000)
  region size 1024K, 3 young (3072K), 3 survivors (3072K)
 Metaspace       used 10210K, capacity 10437K, committed 10624K, reserved 1058816K
  class space    used 1064K, capacity 1139K, committed 1152K, reserved 1048576K
}
Event: 2.279 GC heap before
{Heap before GC invocations=1 (full 0):
 garbage-first heap   total 129024K, used 83244K [0x0000000080000000, 0x0000000100000000)
  region size 1024K, 75 young (76800K), 3 survivors (3072K)
 Metaspace       used 17689K, capacity 18168K, committed 18432K, reserved 1064960K
  class space    used 2088K, capacity 2238K, committed 2304K, reserved 1048576K
}
Event: 2.284 GC heap after
{Heap after GC invocations=2 (full 0):
 garbage-first heap   total 129024K, used 16347K [0x0000000080000000, 0x0000000100000000)
  region size 1024K, 10 young (10240K), 10 survivors (10240K)
 Metaspace       used 17689K, capacity 18168K, committed 18432K, reserved 1064960K
  class space    used 2088K, capacity 2238K, committed 2304K, reserved 1048576K
}
Event: 2.470 GC heap before
{Heap before GC invocations=2 (full 0):
 garbage-first heap   total 129024K, used 37851K [0x0000000080000000, 0x0000000100000000)
  region size 1024K, 32 young (32768K), 10 survivors (10240K)
 Metaspace       used 20535K, capacity 21104K, committed 21248K, reserved 1067008K
  class space    used 2503K, capacity 2690K, committed 2816K, reserved 1048576K
}
Event: 2.475 GC heap after
{Heap after GC invocations=3 (full 0):
 garbage-first heap   total 129024K, used 17357K [0x0000000080000000, 0x0000000100000000)
  region size 1024K, 1 young (1024K), 1 survivors (1024K)
 Metaspace       used 20535K, capacity 21104K, committed 21248K, reserved 1067008K
  class space    used 2503K, capacity 2690K, committed 2816K, reserved 1048576K
}
Event: 2.942 GC heap before
{Heap before GC invocations=4 (full 0):
 garbage-first heap   total 129024K, used 71629K [0x0000000080000000, 0x0000000100000000)
  region size 1024K, 55 young (56320K), 1 survivors (1024K)
 Metaspace       used 26018K, capacity 26695K, committed 26752K, reserved 1073152K
  class space    used 3405K, capacity 3665K, committed 3712K, reserved 1048576K
}
Event: 2.945 GC heap after
{Heap after GC invocations=5 (full 0):
 garbage-first heap   total 129024K, used 18887K [0x0000000080000000, 0x0000000100000000)
  region size 1024K, 3 young (3072K), 3 survivors (3072K)
 Metaspace       used 26018K, capacity 26695K, committed 26752K, reserved 1073152K
  class space    used 3405K, capacity 3665K, committed 3712K, reserved 1048576K
}
Event: 3.615 GC heap before
{Heap before GC invocations=5 (full 0):
 garbage-first heap   total 129024K, used 74183K [0x0000000080000000, 0x0000000100000000)
  region size 1024K, 58 young (59392K), 3 survivors (3072K)
 Metaspace       used 35029K, capacity 35806K, committed 35840K, reserved 1081344K
  class space    used 4535K, capacity 4832K, committed 4864K, reserved 1048576K
}
Event: 3.623 GC heap after
{Heap after GC invocations=6 (full 0):
 garbage-first heap   total 129024K, used 22466K [0x0000000080000000, 0x0000000100000000)
  region size 1024K, 6 young (6144K), 6 survivors (6144K)
 Metaspace       used 35029K, capacity 35806K, committed 35840K, reserved 1081344K
  class space    used 4535K, capacity 4832K, committed 4864K, reserved 1048576K
}
Event: 4.185 GC heap before
{Heap before GC invocations=7 (full 0):
 garbage-first heap   total 129024K, used 85954K [0x0000000080000000, 0x0000000100000000)
  region size 1024K, 66 young (67584K), 6 survivors (6144K)
 Metaspace       used 39492K, capacity 40374K, committed 40576K, reserved 1085440K
  class space    used 5043K, capacity 5390K, committed 5504K, reserved 1048576K
}
Event: 4.191 GC heap after
{Heap after GC invocations=8 (full 0):
 garbage-first heap   total 129024K, used 27474K [0x0000000080000000, 0x0000000100000000)
  region size 1024K, 9 young (9216K), 9 survivors (9216K)
 Metaspace       used 39492K, capacity 40374K, committed 40576K, reserved 1085440K
  class space    used 5043K, capacity 5390K, committed 5504K, reserved 1048576K
}
Event: 4.992 GC heap before
{Heap before GC invocations=8 (full 0):
 garbage-first heap   total 129024K, used 88914K [0x0000000080000000, 0x0000000100000000)
  region size 1024K, 68 young (69632K), 9 survivors (9216K)
 Metaspace       used 44899K, capacity 46005K, committed 46208K, reserved 1089536K
  class space    used 5768K, capacity 6155K, committed 6272K, reserved 1048576K
}
Event: 4.999 GC heap after
{Heap after GC invocations=9 (full 0):
 garbage-first heap   total 129024K, used 29496K [0x0000000080000000, 0x0000000100000000)
  region size 1024K, 3 young (3072K), 3 survivors (3072K)
 Metaspace       used 44899K, capacity 46005K, committed 46208K, reserved 1089536K
  class space    used 5768K, capacity 6155K, committed 6272K, reserved 1048576K
}
Event: 6.343 GC heap before
{Heap before GC invocations=9 (full 0):
 garbage-first heap   total 129024K, used 94008K [0x0000000080000000, 0x0000000100000000)
  region size 1024K, 63 young (64512K), 3 survivors (3072K)
 Metaspace       used 48214K, capacity 49521K, committed 49664K, reserved 1091584K
  class space    used 6162K, capacity 6646K, committed 6656K, reserved 1048576K
}
Event: 6.348 GC heap after
{Heap after GC invocations=10 (full 0):
 garbage-first heap   total 129024K, used 41418K [0x0000000080000000, 0x0000000100000000)
  region size 1024K, 8 young (8192K), 8 survivors (8192K)
 Metaspace       used 48214K, capacity 49521K, committed 49664K, reserved 1091584K
  class space    used 6162K, capacity 6646K, committed 6656K, reserved 1048576K
}
Event: 7.801 GC heap before
{Heap before GC invocations=10 (full 0):
 garbage-first heap   total 129024K, used 95690K [0x0000000080000000, 0x0000000100000000)
  region size 1024K, 61 young (62464K), 8 survivors (8192K)
 Metaspace       used 56162K, capacity 57575K, committed 57856K, reserved 1099776K
  class space    used 7112K, capacity 7642K, committed 7680K, reserved 1048576K
}
Event: 7.808 GC heap after
{Heap after GC invocations=11 (full 0):
 garbage-first heap   total 129024K, used 44072K [0x0000000080000000, 0x0000000100000000)
  region size 1024K, 3 young (3072K), 3 survivors (3072K)
 Metaspace       used 56162K, capacity 57575K, committed 57856K, reserved 1099776K
  class space    used 7112K, capacity 7642K, committed 7680K, reserved 1048576K
}

